d:\2학년 2학기 객체지향프로그래밍\실습\lab06\객체지향프로그래밍 lab 06-1 김재현 21912183\객체지향프로그래밍 lab 06-1 김재현 21912183\x64\debug\vc143.pdb
d:\2학년 2학기 객체지향프로그래밍\실습\lab06\객체지향프로그래밍 lab 06-1 김재현 21912183\객체지향프로그래밍 lab 06-1 김재현 21912183\x64\debug\vc143.idb
d:\2학년 2학기 객체지향프로그래밍\실습\lab06\객체지향프로그래밍 lab 06-1 김재현 21912183\객체지향프로그래밍 lab 06-1 김재현 21912183\x64\debug\main.obj
d:\2학년 2학기 객체지향프로그래밍\실습\lab06\객체지향프로그래밍 lab 06-1 김재현 21912183\객체지향프로그래밍 lab 06-1 김재현 21912183\x64\debug\triangle.obj
d:\2학년 2학기 객체지향프로그래밍\실습\lab06\객체지향프로그래밍 lab 06-1 김재현 21912183\객체지향프로그래밍 lab 06-1 김재현 21912183\x64\debug\star.obj
d:\2학년 2학기 객체지향프로그래밍\실습\lab06\객체지향프로그래밍 lab 06-1 김재현 21912183\객체지향프로그래밍 lab 06-1 김재현 21912183\x64\debug\shape.obj
d:\2학년 2학기 객체지향프로그래밍\실습\lab06\객체지향프로그래밍 lab 06-1 김재현 21912183\객체지향프로그래밍 lab 06-1 김재현 21912183\x64\debug\rectang.obj
d:\2학년 2학기 객체지향프로그래밍\실습\lab06\객체지향프로그래밍 lab 06-1 김재현 21912183\객체지향프로그래밍 lab 06-1 김재현 21912183\x64\debug\polygon.obj
d:\2학년 2학기 객체지향프로그래밍\실습\lab06\객체지향프로그래밍 lab 06-1 김재현 21912183\객체지향프로그래밍 lab 06-1 김재현 21912183\x64\debug\cylinder.obj
d:\2학년 2학기 객체지향프로그래밍\실습\lab06\객체지향프로그래밍 lab 06-1 김재현 21912183\객체지향프로그래밍 lab 06-1 김재현 21912183\x64\debug\consolepixeldrawing.obj
d:\2학년 2학기 객체지향프로그래밍\실습\lab06\객체지향프로그래밍 lab 06-1 김재현 21912183\객체지향프로그래밍 lab 06-1 김재현 21912183\x64\debug\color.obj
d:\2학년 2학기 객체지향프로그래밍\실습\lab06\객체지향프로그래밍 lab 06-1 김재현 21912183\객체지향프로그래밍 lab 06-1 김재현 21912183\x64\debug\circle.obj
d:\2학년 2학기 객체지향프로그래밍\실습\lab06\객체지향프로그래밍 lab 06-1 김재현 21912183\객체지향프로그래밍 lab 06-1 김재현 21912183\x64\debug\angledarc.obj
d:\2학년 2학기 객체지향프로그래밍\실습\lab06\객체지향프로그래밍 lab 06-1 김재현 21912183\x64\debug\객체지향프로그래밍 lab 06-1 김재현 21912183.exe
d:\2학년 2학기 객체지향프로그래밍\실습\lab06\객체지향프로그래밍 lab 06-1 김재현 21912183\객체지향프로그래밍 lab 06-1 김재현 21912183\x64\debug\객체지향프로그래밍 lab 06-1 김재현 21912183.ilk
d:\2학년 2학기 객체지향프로그래밍\실습\lab06\객체지향프로그래밍 lab 06-1 김재현 21912183\x64\debug\객체지향프로그래밍 lab 06-1 김재현 21912183.pdb
d:\2학년 2학기 객체지향프로그래밍\실습\lab06\객체지향프로그래밍 lab 06-1 김재현 21912183\객체지향프로그래밍 lab 06-1 김재현 21912183\x64\debug\anglearc.obj
d:\2학년 2학기 객체지향프로그래밍\실습\lab06\객체지향프로그래밍 lab 06-1 김재현 21912183\객체지향프로그래밍 lab 06-1 김재현 21912183\x64\debug\객체지향프로그래.04e141dd.tlog\cl.command.1.tlog
d:\2학년 2학기 객체지향프로그래밍\실습\lab06\객체지향프로그래밍 lab 06-1 김재현 21912183\객체지향프로그래밍 lab 06-1 김재현 21912183\x64\debug\객체지향프로그래.04e141dd.tlog\cl.read.1.tlog
d:\2학년 2학기 객체지향프로그래밍\실습\lab06\객체지향프로그래밍 lab 06-1 김재현 21912183\객체지향프로그래밍 lab 06-1 김재현 21912183\x64\debug\객체지향프로그래.04e141dd.tlog\cl.write.1.tlog
d:\2학년 2학기 객체지향프로그래밍\실습\lab06\객체지향프로그래밍 lab 06-1 김재현 21912183\객체지향프로그래밍 lab 06-1 김재현 21912183\x64\debug\객체지향프로그래.04e141dd.tlog\link.read.2.tlog
d:\2학년 2학기 객체지향프로그래밍\실습\lab06\객체지향프로그래밍 lab 06-1 김재현 21912183\객체지향프로그래밍 lab 06-1 김재현 21912183\x64\debug\객체지향프로그래.04e141dd.tlog\link.write.1.tlog
d:\2학년 2학기 객체지향프로그래밍\실습\lab06\객체지향프로그래밍 lab 06-1 김재현 21912183\객체지향프로그래밍 lab 06-1 김재현 21912183\x64\debug\객체지향프로그래.04e141dd.tlog\link.command.1.tlog
