  Date.cpp
  main.cpp
E:\2학년 2학기 객체지향프로그래밍\실습\Lab10\객체지향프로그래밍 Lab 10-1 김재현 21912183\객체지향프로그래밍 Lab 10-1 김재현 21912183\T_BST.h(297,43): warning C4101: 'wlc' :참조되지 않은 지역 변수입니다.
E:\2학년 2학기 객체지향프로그래밍\실습\Lab10\객체지향프로그래밍 Lab 10-1 김재현 21912183\객체지향프로그래밍 Lab 10-1 김재현 21912183\T_BST.h(296): message : 클래스 템플릿 멤버 함수 'T_BSTN<K,V> *T_BST<K,V>::eraseBSTN(T_BSTN<K,V> **)'을(를) 컴파일하는 중입니다.
          with
          [
              K=std::string,
              V=Book *
          ]
E:\2학년 2학기 객체지향프로그래밍\실습\Lab10\객체지향프로그래밍 Lab 10-1 김재현 21912183\객체지향프로그래밍 Lab 10-1 김재현 21912183\main.cpp(158): message : 컴파일되는 함수 템플릿 인스턴스화 'T_BSTN<K,V> *T_BST<K,V>::eraseBSTN(T_BSTN<K,V> **)'에 대한 참조를 확인하세요.
          with
          [
              K=std::string,
              V=Book *
          ]
E:\2학년 2학기 객체지향프로그래밍\실습\Lab10\객체지향프로그래밍 Lab 10-1 김재현 21912183\객체지향프로그래밍 Lab 10-1 김재현 21912183\main.cpp(81): message : 컴파일되는 클래스 템플릿 인스턴스화 'T_BST<std::string,Book *>'에 대한 참조를 확인하세요.
E:\2학년 2학기 객체지향프로그래밍\실습\Lab10\객체지향프로그래밍 Lab 10-1 김재현 21912183\객체지향프로그래밍 Lab 10-1 김재현 21912183\T_BST.h(297,38): warning C4101: 'w' :참조되지 않은 지역 변수입니다.
E:\2학년 2학기 객체지향프로그래밍\실습\Lab10\객체지향프로그래밍 Lab 10-1 김재현 21912183\객체지향프로그래밍 Lab 10-1 김재현 21912183\T_BST.h(297,30): warning C4101: 'temp' :참조되지 않은 지역 변수입니다.
E:\2학년 2학기 객체지향프로그래밍\실습\Lab10\객체지향프로그래밍 Lab 10-1 김재현 21912183\객체지향프로그래밍 Lab 10-1 김재현 21912183\T_BST.h(218,23): warning C4101: 'pLc' :참조되지 않은 지역 변수입니다.
E:\2학년 2학기 객체지향프로그래밍\실습\Lab10\객체지향프로그래밍 Lab 10-1 김재현 21912183\객체지향프로그래밍 Lab 10-1 김재현 21912183\T_BST.h(217): message : 클래스 템플릿 멤버 함수 'T_BSTN<K,V> *T_BST<K,V>::_maxBSTN(T_BSTN<K,V> *)'을(를) 컴파일하는 중입니다.
          with
          [
              K=std::string,
              V=Book *
          ]
E:\2학년 2학기 객체지향프로그래밍\실습\Lab10\객체지향프로그래밍 Lab 10-1 김재현 21912183\객체지향프로그래밍 Lab 10-1 김재현 21912183\T_BST.h(326): message : 컴파일되는 함수 템플릿 인스턴스화 'T_BSTN<K,V> *T_BST<K,V>::_maxBSTN(T_BSTN<K,V> *)'에 대한 참조를 확인하세요.
          with
          [
              K=std::string,
              V=Book *
          ]
E:\2학년 2학기 객체지향프로그래밍\실습\Lab10\객체지향프로그래밍 Lab 10-1 김재현 21912183\객체지향프로그래밍 Lab 10-1 김재현 21912183\T_BST.h(548): message : 클래스 템플릿 멤버 함수 'void T_BST<std::string,Book *>::clear(void)'을(를) 컴파일하는 중입니다.
E:\2학년 2학기 객체지향프로그래밍\실습\Lab10\객체지향프로그래밍 Lab 10-1 김재현 21912183\객체지향프로그래밍 Lab 10-1 김재현 21912183\main.cpp(162): message : 컴파일되는 함수 템플릿 인스턴스화 'void T_BST<std::string,Book *>::clear(void)'에 대한 참조를 확인하세요.
E:\2학년 2학기 객체지향프로그래밍\실습\Lab10\객체지향프로그래밍 Lab 10-1 김재현 21912183\객체지향프로그래밍 Lab 10-1 김재현 21912183\T_BST.h(206,23): warning C4101: 'pLc' :참조되지 않은 지역 변수입니다.
E:\2학년 2학기 객체지향프로그래밍\실습\Lab10\객체지향프로그래밍 Lab 10-1 김재현 21912183\객체지향프로그래밍 Lab 10-1 김재현 21912183\T_BST.h(205): message : 클래스 템플릿 멤버 함수 'T_BSTN<K,V> *T_BST<K,V>::_minBSTN(T_BSTN<K,V> *)'을(를) 컴파일하는 중입니다.
          with
          [
              K=std::string,
              V=Book *
          ]
E:\2학년 2학기 객체지향프로그래밍\실습\Lab10\객체지향프로그래밍 Lab 10-1 김재현 21912183\객체지향프로그래밍 Lab 10-1 김재현 21912183\T_BST.h(342): message : 컴파일되는 함수 템플릿 인스턴스화 'T_BSTN<K,V> *T_BST<K,V>::_minBSTN(T_BSTN<K,V> *)'에 대한 참조를 확인하세요.
          with
          [
              K=std::string,
              V=Book *
          ]
E:\2학년 2학기 객체지향프로그래밍\실습\Lab10\객체지향프로그래밍 Lab 10-1 김재현 21912183\객체지향프로그래밍 Lab 10-1 김재현 21912183\T_BST.h(270,17): warning C4101: 'pEntry' :참조되지 않은 지역 변수입니다.
E:\2학년 2학기 객체지향프로그래밍\실습\Lab10\객체지향프로그래밍 Lab 10-1 김재현 21912183\객체지향프로그래밍 Lab 10-1 김재현 21912183\T_BST.h(268): message : 클래스 템플릿 멤버 함수 'void T_BST<std::string,Book *>::_fprint_with_Depth(T_BSTN<K,V> *,std::ostream &,int)'을(를) 컴파일하는 중입니다.
          with
          [
              K=std::string,
              V=Book *
          ]
E:\2학년 2학기 객체지향프로그래밍\실습\Lab10\객체지향프로그래밍 Lab 10-1 김재현 21912183\객체지향프로그래밍 Lab 10-1 김재현 21912183\T_BST.h(291): message : 컴파일되는 함수 템플릿 인스턴스화 'void T_BST<std::string,Book *>::_fprint_with_Depth(T_BSTN<K,V> *,std::ostream &,int)'에 대한 참조를 확인하세요.
          with
          [
              K=std::string,
              V=Book *
          ]
  코드를 생성하고 있습니다...
  객체지향프로그래밍 Lab 10-1 김재현 21912183.vcxproj -> E:\2학년 2학기 객체지향프로그래밍\실습\Lab10\객체지향프로그래밍 Lab 10-1 김재현 21912183\x64\Debug\객체지향프로그래밍 Lab 10-1 김재현 21912183.exe
